<?xml version="1.0" encoding="UTF-8"?>
<!-- Generated by org.testng.reporters.JUnitXMLReporter -->
<testsuite ignored="0" hostname="DESKTOP-2JQ4EAS" failures="0" tests="9" name="Test" time="31.04" errors="0" timestamp="2022-09-02T01:16:05 IST">
  <testcase classname="test.LoginTest" name="verifyUrl" time="0.024"/>
  <testcase classname="test.LoginTest" name="verifyTitle" time="0.065"/>
  <testcase classname="test.LoginTest" name="verifyLoginPage" time="0.753"/>
  <testcase classname="test.ProductTest" name="verifyTitleofPage" time="0.113"/>
  <testcase classname="test.ProductTest" name="verifyElipsis" time="0.429"/>
  <testcase classname="test.ProductTest" name="verifyFilter" time="0.484"/>
  <testcase classname="test.ProductTest" name="verifyProductSelection" time="0.312"/>
  <testcase classname="test.ProductDescriptionTest" name="verifyBackToProduct" time="0.322"/>
  <testcase classname="test.ProductDescriptionTest" name="verifyAddToCart" time="0.155"/>
</testsuite> <!-- Test -->
