<?xml version="1.0" encoding="UTF-8"?>
<!-- Generated by org.testng.reporters.JUnitXMLReporter -->
<testsuite ignored="0" hostname="DESKTOP-2JQ4EAS" failures="0" tests="3" name="Default test" time="23.593" errors="0" timestamp="2022-09-16T20:29:20 IST">
  <testcase classname="test.LoginTest" name="verifyUrl" time="0.031"/>
  <testcase classname="test.LoginTest" name="verifyTitle" time="0.072"/>
  <testcase classname="test.LoginTest" name="verifyLoginPage" time="0.688"/>
</testsuite> <!-- Default test -->
