<?xml version="1.0" encoding="UTF-8"?>
<testng-results ignored="0" total="9" passed="9" failed="0" skipped="0">
  <reporter-output>
  </reporter-output>
  <suite started-at="2022-09-02T01:15:33 IST" name="Suite" finished-at="2022-09-02T01:16:05 IST" duration-ms="31040">
    <groups>
    </groups>
    <test started-at="2022-09-02T01:15:33 IST" name="Test" finished-at="2022-09-02T01:16:05 IST" duration-ms="31040">
      <class name="test.ProductTest">
        <test-method is-config="true" signature="launchBrowser()[pri:0, instance:test.ProductTest@193f604a]" started-at="2022-09-02T01:15:46 IST" name="launchBrowser" finished-at="2022-09-02T01:15:52 IST" duration-ms="5691" status="PASS">
          <reporter-output>
          </reporter-output>
        </test-method> <!-- launchBrowser -->
        <test-method is-config="true" signature="pageObject()[pri:0, instance:test.ProductTest@193f604a]" started-at="2022-09-02T01:15:52 IST" name="pageObject" finished-at="2022-09-02T01:15:52 IST" duration-ms="7" status="PASS">
          <reporter-output>
          </reporter-output>
        </test-method> <!-- pageObject -->
        <test-method is-config="true" signature="login()[pri:0, instance:test.ProductTest@193f604a]" started-at="2022-09-02T01:15:52 IST" name="login" finished-at="2022-09-02T01:15:53 IST" duration-ms="582" status="PASS">
          <reporter-output>
          </reporter-output>
        </test-method> <!-- login -->
        <test-method signature="verifyTitleofPage()[pri:4, instance:test.ProductTest@193f604a]" started-at="2022-09-02T01:15:53 IST" name="verifyTitleofPage" finished-at="2022-09-02T01:15:53 IST" duration-ms="113" status="PASS">
          <reporter-output>
          </reporter-output>
        </test-method> <!-- verifyTitleofPage -->
        <test-method signature="verifyElipsis()[pri:5, instance:test.ProductTest@193f604a]" started-at="2022-09-02T01:15:53 IST" name="verifyElipsis" finished-at="2022-09-02T01:15:53 IST" duration-ms="429" status="PASS">
          <reporter-output>
          </reporter-output>
        </test-method> <!-- verifyElipsis -->
        <test-method signature="verifyFilter()[pri:6, instance:test.ProductTest@193f604a]" started-at="2022-09-02T01:15:53 IST" name="verifyFilter" finished-at="2022-09-02T01:15:54 IST" duration-ms="484" status="PASS">
          <reporter-output>
          </reporter-output>
        </test-method> <!-- verifyFilter -->
        <test-method signature="verifyProductSelection()[pri:7, instance:test.ProductTest@193f604a]" started-at="2022-09-02T01:15:54 IST" name="verifyProductSelection" finished-at="2022-09-02T01:15:54 IST" duration-ms="312" status="PASS">
          <reporter-output>
          </reporter-output>
        </test-method> <!-- verifyProductSelection -->
        <test-method is-config="true" signature="tearDownEnvironment()[pri:0, instance:test.ProductTest@193f604a]" started-at="2022-09-02T01:15:54 IST" name="tearDownEnvironment" finished-at="2022-09-02T01:15:55 IST" duration-ms="464" status="PASS">
          <reporter-output>
          </reporter-output>
        </test-method> <!-- tearDownEnvironment -->
      </class> <!-- test.ProductTest -->
      <class name="test.LoginTest">
        <test-method is-config="true" signature="launchBrowser()[pri:0, instance:test.LoginTest@6d3a388c]" started-at="2022-09-02T01:15:34 IST" name="launchBrowser" finished-at="2022-09-02T01:15:45 IST" duration-ms="11366" status="PASS">
          <reporter-output>
          </reporter-output>
        </test-method> <!-- launchBrowser -->
        <test-method is-config="true" signature="pageObject()[pri:0, instance:test.LoginTest@6d3a388c]" started-at="2022-09-02T01:15:45 IST" name="pageObject" finished-at="2022-09-02T01:15:45 IST" duration-ms="117" status="PASS">
          <reporter-output>
          </reporter-output>
        </test-method> <!-- pageObject -->
        <test-method signature="verifyUrl()[pri:1, instance:test.LoginTest@6d3a388c]" started-at="2022-09-02T01:15:45 IST" name="verifyUrl" finished-at="2022-09-02T01:15:45 IST" duration-ms="24" status="PASS">
          <reporter-output>
          </reporter-output>
        </test-method> <!-- verifyUrl -->
        <test-method signature="verifyTitle()[pri:2, instance:test.LoginTest@6d3a388c]" started-at="2022-09-02T01:15:45 IST" name="verifyTitle" finished-at="2022-09-02T01:15:45 IST" duration-ms="65" status="PASS">
          <reporter-output>
          </reporter-output>
        </test-method> <!-- verifyTitle -->
        <test-method signature="verifyLoginPage()[pri:3, instance:test.LoginTest@6d3a388c]" started-at="2022-09-02T01:15:45 IST" name="verifyLoginPage" finished-at="2022-09-02T01:15:46 IST" duration-ms="753" status="PASS">
          <reporter-output>
          </reporter-output>
        </test-method> <!-- verifyLoginPage -->
        <test-method is-config="true" signature="tearDownEnvironment()[pri:0, instance:test.LoginTest@6d3a388c]" started-at="2022-09-02T01:15:46 IST" name="tearDownEnvironment" finished-at="2022-09-02T01:15:46 IST" duration-ms="547" status="PASS">
          <reporter-output>
          </reporter-output>
        </test-method> <!-- tearDownEnvironment -->
      </class> <!-- test.LoginTest -->
      <class name="test.ProductDescriptionTest">
        <test-method is-config="true" signature="launchBrowser()[pri:0, instance:test.ProductDescriptionTest@20f5239f]" started-at="2022-09-02T01:15:55 IST" name="launchBrowser" finished-at="2022-09-02T01:16:03 IST" duration-ms="8423" status="PASS">
          <reporter-output>
          </reporter-output>
        </test-method> <!-- launchBrowser -->
        <test-method is-config="true" signature="pageObject()[pri:0, instance:test.ProductDescriptionTest@20f5239f]" started-at="2022-09-02T01:16:03 IST" name="pageObject" finished-at="2022-09-02T01:16:03 IST" duration-ms="6" status="PASS">
          <reporter-output>
          </reporter-output>
        </test-method> <!-- pageObject -->
        <test-method is-config="true" signature="login()[pri:0, instance:test.ProductDescriptionTest@20f5239f]" started-at="2022-09-02T01:16:03 IST" name="login" finished-at="2022-09-02T01:16:04 IST" duration-ms="574" status="PASS">
          <reporter-output>
          </reporter-output>
        </test-method> <!-- login -->
        <test-method signature="verifyBackToProduct()[pri:8, instance:test.ProductDescriptionTest@20f5239f]" started-at="2022-09-02T01:16:04 IST" name="verifyBackToProduct" finished-at="2022-09-02T01:16:04 IST" duration-ms="322" status="PASS">
          <reporter-output>
          </reporter-output>
        </test-method> <!-- verifyBackToProduct -->
        <test-method signature="verifyAddToCart()[pri:9, instance:test.ProductDescriptionTest@20f5239f]" started-at="2022-09-02T01:16:04 IST" name="verifyAddToCart" finished-at="2022-09-02T01:16:04 IST" duration-ms="155" status="PASS">
          <reporter-output>
          </reporter-output>
        </test-method> <!-- verifyAddToCart -->
        <test-method is-config="true" signature="tearDownEnvironment()[pri:0, instance:test.ProductDescriptionTest@20f5239f]" started-at="2022-09-02T01:16:04 IST" name="tearDownEnvironment" finished-at="2022-09-02T01:16:05 IST" duration-ms="480" status="PASS">
          <reporter-output>
          </reporter-output>
        </test-method> <!-- tearDownEnvironment -->
      </class> <!-- test.ProductDescriptionTest -->
    </test> <!-- Test -->
  </suite> <!-- Suite -->
</testng-results>
