<?xml version="1.0" encoding="UTF-8"?>
<testng-results ignored="0" total="9" passed="8" failed="1" skipped="0">
  <reporter-output>
  </reporter-output>
  <suite started-at="2022-09-16T20:37:37 IST" name="Suite" finished-at="2022-09-16T20:38:08 IST" duration-ms="31420">
    <groups>
    </groups>
    <test started-at="2022-09-16T20:37:37 IST" name="Test" finished-at="2022-09-16T20:38:08 IST" duration-ms="31420">
      <class name="test.ProductTest">
        <test-method is-config="true" signature="launchBrowser()[pri:0, instance:test.ProductTest@6d3a388c]" started-at="2022-09-16T20:37:37 IST" name="launchBrowser" finished-at="2022-09-16T20:37:49 IST" duration-ms="12739" status="PASS">
          <reporter-output>
          </reporter-output>
        </test-method> <!-- launchBrowser -->
        <test-method is-config="true" signature="pageObject()[pri:0, instance:test.ProductTest@6d3a388c]" started-at="2022-09-16T20:37:49 IST" name="pageObject" finished-at="2022-09-16T20:37:49 IST" duration-ms="59" status="PASS">
          <reporter-output>
          </reporter-output>
        </test-method> <!-- pageObject -->
        <test-method is-config="true" signature="login()[pri:0, instance:test.ProductTest@6d3a388c]" started-at="2022-09-16T20:37:49 IST" name="login" finished-at="2022-09-16T20:37:50 IST" duration-ms="630" status="PASS">
          <reporter-output>
          </reporter-output>
        </test-method> <!-- login -->
        <test-method signature="verifyTitleofPage()[pri:4, instance:test.ProductTest@6d3a388c]" started-at="2022-09-16T20:37:50 IST" name="verifyTitleofPage" finished-at="2022-09-16T20:37:50 IST" duration-ms="87" status="PASS">
          <reporter-output>
          </reporter-output>
        </test-method> <!-- verifyTitleofPage -->
        <test-method signature="verifyElipsis()[pri:5, instance:test.ProductTest@6d3a388c]" started-at="2022-09-16T20:37:50 IST" name="verifyElipsis" finished-at="2022-09-16T20:37:52 IST" duration-ms="1370" status="FAIL">
          <exception class="org.openqa.selenium.ElementClickInterceptedException">
            <message>
              <![CDATA[element click intercepted: Element <button id="react-burger-cross-btn" tabindex="0" style="position: absolute; left: 0px; top: 0px; z-index: 1; width: 100%; height: 100%; margin: 0px; padding: 0px; border: none; font-size: 0px; background: transparent; cursor: pointer;">...</button> is not clickable at point (60, 28). Other element would receive the click: <div class="bm-menu" style="height: 100%; box-sizing: border-box; overflow: auto;">...</div>
  (Session info: chrome=105.0.5195.102)
Build info: version: '4.1.2', revision: '9a5a329c5a'
System info: host: 'DESKTOP-2JQ4EAS', ip: '192.168.43.206', os.name: 'Windows 10', os.arch: 'amd64', os.version: '10.0', java.version: '17.0.3'
Driver info: org.openqa.selenium.chrome.ChromeDriver
Command: [49bcd8aa221c979921826f4b5d7eff20, clickElement {id=9e9e3bee-6aa6-4f7e-a8be-e3ecae03597a}]
Capabilities {acceptInsecureCerts: false, browserName: chrome, browserVersion: 105.0.5195.102, chrome: {chromedriverVersion: 105.0.5195.52 (412c95e51883..., userDataDir: C:\Users\shara\AppData\Loca...}, goog:chromeOptions: {debuggerAddress: localhost:59710}, javascriptEnabled: true, networkConnectionEnabled: false, pageLoadStrategy: normal, platform: WINDOWS, platformName: WINDOWS, proxy: Proxy(), se:cdp: ws://localhost:59710/devtoo..., se:cdpVersion: 105.0.5195.102, setWindowRect: true, strictFileInteractability: false, timeouts: {implicit: 0, pageLoad: 300000, script: 30000}, unhandledPromptBehavior: dismiss and notify, webauthn:extension:credBlob: true, webauthn:extension:largeBlob: true, webauthn:virtualAuthenticators: true}
Element: [[ChromeDriver: chrome on WINDOWS (49bcd8aa221c979921826f4b5d7eff20)] -> id: react-burger-cross-btn]
Session ID: 49bcd8aa221c979921826f4b5d7eff20]]>
            </message>
            <full-stacktrace>
              <![CDATA[org.openqa.selenium.ElementClickInterceptedException: element click intercepted: Element <button id="react-burger-cross-btn" tabindex="0" style="position: absolute; left: 0px; top: 0px; z-index: 1; width: 100%; height: 100%; margin: 0px; padding: 0px; border: none; font-size: 0px; background: transparent; cursor: pointer;">...</button> is not clickable at point (60, 28). Other element would receive the click: <div class="bm-menu" style="height: 100%; box-sizing: border-box; overflow: auto;">...</div>
  (Session info: chrome=105.0.5195.102)
Build info: version: '4.1.2', revision: '9a5a329c5a'
System info: host: 'DESKTOP-2JQ4EAS', ip: '192.168.43.206', os.name: 'Windows 10', os.arch: 'amd64', os.version: '10.0', java.version: '17.0.3'
Driver info: org.openqa.selenium.chrome.ChromeDriver
Command: [49bcd8aa221c979921826f4b5d7eff20, clickElement {id=9e9e3bee-6aa6-4f7e-a8be-e3ecae03597a}]
Capabilities {acceptInsecureCerts: false, browserName: chrome, browserVersion: 105.0.5195.102, chrome: {chromedriverVersion: 105.0.5195.52 (412c95e51883..., userDataDir: C:\Users\shara\AppData\Loca...}, goog:chromeOptions: {debuggerAddress: localhost:59710}, javascriptEnabled: true, networkConnectionEnabled: false, pageLoadStrategy: normal, platform: WINDOWS, platformName: WINDOWS, proxy: Proxy(), se:cdp: ws://localhost:59710/devtoo..., se:cdpVersion: 105.0.5195.102, setWindowRect: true, strictFileInteractability: false, timeouts: {implicit: 0, pageLoad: 300000, script: 30000}, unhandledPromptBehavior: dismiss and notify, webauthn:extension:credBlob: true, webauthn:extension:largeBlob: true, webauthn:virtualAuthenticators: true}
Element: [[ChromeDriver: chrome on WINDOWS (49bcd8aa221c979921826f4b5d7eff20)] -> id: react-burger-cross-btn]
Session ID: 49bcd8aa221c979921826f4b5d7eff20
at java.base/jdk.internal.reflect.NativeConstructorAccessorImpl.newInstance0(Native Method)
at java.base/jdk.internal.reflect.NativeConstructorAccessorImpl.newInstance(NativeConstructorAccessorImpl.java:77)
at java.base/jdk.internal.reflect.DelegatingConstructorAccessorImpl.newInstance(DelegatingConstructorAccessorImpl.java:45)
at java.base/java.lang.reflect.Constructor.newInstanceWithCaller(Constructor.java:499)
at java.base/java.lang.reflect.Constructor.newInstance(Constructor.java:480)
at org.openqa.selenium.remote.codec.w3c.W3CHttpResponseCodec.createException(W3CHttpResponseCodec.java:200)
at org.openqa.selenium.remote.codec.w3c.W3CHttpResponseCodec.decode(W3CHttpResponseCodec.java:133)
at org.openqa.selenium.remote.codec.w3c.W3CHttpResponseCodec.decode(W3CHttpResponseCodec.java:53)
at org.openqa.selenium.remote.HttpCommandExecutor.execute(HttpCommandExecutor.java:184)
at org.openqa.selenium.remote.service.DriverCommandExecutor.invokeExecute(DriverCommandExecutor.java:167)
at org.openqa.selenium.remote.service.DriverCommandExecutor.execute(DriverCommandExecutor.java:142)
at org.openqa.selenium.remote.RemoteWebDriver.execute(RemoteWebDriver.java:558)
at org.openqa.selenium.remote.RemoteWebElement.execute(RemoteWebElement.java:251)
at org.openqa.selenium.remote.RemoteWebElement.click(RemoteWebElement.java:77)
at java.base/jdk.internal.reflect.NativeMethodAccessorImpl.invoke0(Native Method)
at java.base/jdk.internal.reflect.NativeMethodAccessorImpl.invoke(NativeMethodAccessorImpl.java:77)
at java.base/jdk.internal.reflect.DelegatingMethodAccessorImpl.invoke(DelegatingMethodAccessorImpl.java:43)
at java.base/java.lang.reflect.Method.invoke(Method.java:568)
at org.openqa.selenium.support.pagefactory.internal.LocatingElementHandler.invoke(LocatingElementHandler.java:52)
at jdk.proxy2/jdk.proxy2.$Proxy16.click(Unknown Source)
at mainjava.ProductPage.clickElipsis(ProductPage.java:41)
at test.ProductTest.verifyElipsis(ProductTest.java:42)
at java.base/jdk.internal.reflect.NativeMethodAccessorImpl.invoke0(Native Method)
at java.base/jdk.internal.reflect.NativeMethodAccessorImpl.invoke(NativeMethodAccessorImpl.java:77)
at java.base/jdk.internal.reflect.DelegatingMethodAccessorImpl.invoke(DelegatingMethodAccessorImpl.java:43)
at java.base/java.lang.reflect.Method.invoke(Method.java:568)
at org.testng.internal.MethodInvocationHelper.invokeMethod(MethodInvocationHelper.java:134)
at org.testng.internal.TestInvoker.invokeMethod(TestInvoker.java:597)
at org.testng.internal.TestInvoker.invokeTestMethod(TestInvoker.java:173)
at org.testng.internal.MethodRunner.runInSequence(MethodRunner.java:46)
at org.testng.internal.TestInvoker$MethodInvocationAgent.invoke(TestInvoker.java:816)
at org.testng.internal.TestInvoker.invokeTestMethods(TestInvoker.java:146)
at org.testng.internal.TestMethodWorker.invokeTestMethods(TestMethodWorker.java:146)
at org.testng.internal.TestMethodWorker.run(TestMethodWorker.java:128)
at java.base/java.util.ArrayList.forEach(ArrayList.java:1511)
at org.testng.TestRunner.privateRun(TestRunner.java:766)
at org.testng.TestRunner.run(TestRunner.java:587)
at org.testng.SuiteRunner.runTest(SuiteRunner.java:384)
at org.testng.SuiteRunner.runSequentially(SuiteRunner.java:378)
at org.testng.SuiteRunner.privateRun(SuiteRunner.java:337)
at org.testng.SuiteRunner.run(SuiteRunner.java:286)
at org.testng.SuiteRunnerWorker.runSuite(SuiteRunnerWorker.java:53)
at org.testng.SuiteRunnerWorker.run(SuiteRunnerWorker.java:96)
at org.testng.TestNG.runSuitesSequentially(TestNG.java:1187)
at org.testng.TestNG.runSuitesLocally(TestNG.java:1109)
at org.testng.TestNG.runSuites(TestNG.java:1039)
at org.testng.TestNG.run(TestNG.java:1007)
at org.testng.remote.AbstractRemoteTestNG.run(AbstractRemoteTestNG.java:115)
at org.testng.remote.RemoteTestNG.initAndRun(RemoteTestNG.java:251)
at org.testng.remote.RemoteTestNG.main(RemoteTestNG.java:77)
]]>
            </full-stacktrace>
          </exception> <!-- org.openqa.selenium.ElementClickInterceptedException -->
          <reporter-output>
          </reporter-output>
        </test-method> <!-- verifyElipsis -->
        <test-method signature="verifyFilter()[pri:6, instance:test.ProductTest@6d3a388c]" started-at="2022-09-16T20:37:52 IST" name="verifyFilter" finished-at="2022-09-16T20:37:52 IST" duration-ms="394" status="PASS">
          <reporter-output>
          </reporter-output>
        </test-method> <!-- verifyFilter -->
        <test-method signature="verifyProductSelection()[pri:7, instance:test.ProductTest@6d3a388c]" started-at="2022-09-16T20:37:52 IST" name="verifyProductSelection" finished-at="2022-09-16T20:37:52 IST" duration-ms="391" status="PASS">
          <reporter-output>
          </reporter-output>
        </test-method> <!-- verifyProductSelection -->
        <test-method is-config="true" signature="tearDownEnvironment()[pri:0, instance:test.ProductTest@6d3a388c]" started-at="2022-09-16T20:37:52 IST" name="tearDownEnvironment" finished-at="2022-09-16T20:37:53 IST" duration-ms="656" status="PASS">
          <reporter-output>
          </reporter-output>
        </test-method> <!-- tearDownEnvironment -->
      </class> <!-- test.ProductTest -->
      <class name="test.LoginTest">
        <test-method is-config="true" signature="launchBrowser()[pri:0, instance:test.LoginTest@193f604a]" started-at="2022-09-16T20:37:53 IST" name="launchBrowser" finished-at="2022-09-16T20:37:59 IST" duration-ms="5957" status="PASS">
          <reporter-output>
          </reporter-output>
        </test-method> <!-- launchBrowser -->
        <test-method is-config="true" signature="pageObject()[pri:0, instance:test.LoginTest@193f604a]" started-at="2022-09-16T20:37:59 IST" name="pageObject" finished-at="2022-09-16T20:37:59 IST" duration-ms="4" status="PASS">
          <reporter-output>
          </reporter-output>
        </test-method> <!-- pageObject -->
        <test-method signature="verifyUrl()[pri:1, instance:test.LoginTest@193f604a]" started-at="2022-09-16T20:37:59 IST" name="verifyUrl" finished-at="2022-09-16T20:37:59 IST" duration-ms="29" status="PASS">
          <reporter-output>
          </reporter-output>
        </test-method> <!-- verifyUrl -->
        <test-method signature="verifyTitle()[pri:2, instance:test.LoginTest@193f604a]" started-at="2022-09-16T20:37:59 IST" name="verifyTitle" finished-at="2022-09-16T20:37:59 IST" duration-ms="63" status="PASS">
          <reporter-output>
          </reporter-output>
        </test-method> <!-- verifyTitle -->
        <test-method signature="verifyLoginPage()[pri:3, instance:test.LoginTest@193f604a]" started-at="2022-09-16T20:37:59 IST" name="verifyLoginPage" finished-at="2022-09-16T20:38:00 IST" duration-ms="527" status="PASS">
          <reporter-output>
          </reporter-output>
        </test-method> <!-- verifyLoginPage -->
        <test-method is-config="true" signature="tearDownEnvironment()[pri:0, instance:test.LoginTest@193f604a]" started-at="2022-09-16T20:38:00 IST" name="tearDownEnvironment" finished-at="2022-09-16T20:38:00 IST" duration-ms="560" status="PASS">
          <reporter-output>
          </reporter-output>
        </test-method> <!-- tearDownEnvironment -->
      </class> <!-- test.LoginTest -->
      <class name="test.ProductDescriptionTest">
        <test-method is-config="true" signature="launchBrowser()[pri:0, instance:test.ProductDescriptionTest@20f5239f]" started-at="2022-09-16T20:38:00 IST" name="launchBrowser" finished-at="2022-09-16T20:38:06 IST" duration-ms="6102" status="PASS">
          <reporter-output>
          </reporter-output>
        </test-method> <!-- launchBrowser -->
        <test-method is-config="true" signature="pageObject()[pri:0, instance:test.ProductDescriptionTest@20f5239f]" started-at="2022-09-16T20:38:06 IST" name="pageObject" finished-at="2022-09-16T20:38:06 IST" duration-ms="1" status="PASS">
          <reporter-output>
          </reporter-output>
        </test-method> <!-- pageObject -->
        <test-method is-config="true" signature="login()[pri:0, instance:test.ProductDescriptionTest@20f5239f]" started-at="2022-09-16T20:38:06 IST" name="login" finished-at="2022-09-16T20:38:07 IST" duration-ms="592" status="PASS">
          <reporter-output>
          </reporter-output>
        </test-method> <!-- login -->
        <test-method signature="verifyBackToProduct()[pri:8, instance:test.ProductDescriptionTest@20f5239f]" started-at="2022-09-16T20:38:07 IST" name="verifyBackToProduct" finished-at="2022-09-16T20:38:07 IST" duration-ms="437" status="PASS">
          <reporter-output>
          </reporter-output>
        </test-method> <!-- verifyBackToProduct -->
        <test-method signature="verifyAddToCart()[pri:9, instance:test.ProductDescriptionTest@20f5239f]" started-at="2022-09-16T20:38:07 IST" name="verifyAddToCart" finished-at="2022-09-16T20:38:07 IST" duration-ms="76" status="PASS">
          <reporter-output>
          </reporter-output>
        </test-method> <!-- verifyAddToCart -->
        <test-method is-config="true" signature="tearDownEnvironment()[pri:0, instance:test.ProductDescriptionTest@20f5239f]" started-at="2022-09-16T20:38:07 IST" name="tearDownEnvironment" finished-at="2022-09-16T20:38:08 IST" duration-ms="604" status="PASS">
          <reporter-output>
          </reporter-output>
        </test-method> <!-- tearDownEnvironment -->
      </class> <!-- test.ProductDescriptionTest -->
    </test> <!-- Test -->
  </suite> <!-- Suite -->
</testng-results>
